gcf/GoogleCardboard/build/outputs/apk/manifest-merger-debug-report.txt
-- Merging decision tree log ---
manifest
ADDED from AndroidManifest.xml:17:1
	package
		ADDED from AndroidManifest.xml:17:167
		INJECTED from AndroidManifest.xml:0:0
		INJECTED from AndroidManifest.xml:0:0
	android:versionName
		ADDED from AndroidManifest.xml:17:117
	xmlns:tools
		ADDED from AndroidManifest.xml:17:70
	android:versionCode
		ADDED from AndroidManifest.xml:17:143
		INJECTED from AndroidManifest.xml:0:0
		INJECTED from AndroidManifest.xml:0:0
	xmlns:android
		ADDED from AndroidManifest.xml:17:11
	android:installLocation
		ADDED from AndroidManifest.xml:17:208
supports-screens
ADDED from AndroidManifest.xml:18:5
	android:largeScreens
		ADDED from AndroidManifest.xml:20:9
	android:smallScreens
		ADDED from AndroidManifest.xml:22:9
	android:normalScreens
		ADDED from AndroidManifest.xml:21:9
	android:xlargeScreens
		ADDED from AndroidManifest.xml:23:9
	android:anyDensity
		ADDED from AndroidManifest.xml:19:9
application
ADDED from AndroidManifest.xml:24:5
MERGED from com.thalmic:myosdk:0.10.0:15:5
	android:label
		ADDED from AndroidManifest.xml:27:9
	android:debuggable
		ADDED from AndroidManifest.xml:25:9
	android:icon
		ADDED from AndroidManifest.xml:26:9
activity#com.example.CardboardUnityDemo.UnityPlayerNativeActivity
ADDED from AndroidManifest.xml:28:9
	android:screenOrientation
		ADDED from AndroidManifest.xml:33:13
	android:label
		ADDED from AndroidManifest.xml:31:13
	android:launchMode
		ADDED from AndroidManifest.xml:32:13
	android:configChanges
		ADDED from AndroidManifest.xml:30:13
	android:name
		ADDED from AndroidManifest.xml:29:13
meta-data#unityplayer.UnityActivity
ADDED from AndroidManifest.xml:35:13
	android:value
		ADDED from AndroidManifest.xml:37:17
	android:name
		ADDED from AndroidManifest.xml:36:17
meta-data#unityplayer.ForwardNativeEventsToDalvik
ADDED from AndroidManifest.xml:38:13
	android:value
		ADDED from AndroidManifest.xml:40:17
	android:name
		ADDED from AndroidManifest.xml:39:17
activity#com.example.CardboardUnityDemo.CustomScanActivity
ADDED from AndroidManifest.xml:43:9
	android:screenOrientation
		ADDED from AndroidManifest.xml:46:13
	android:launchMode
		ADDED from AndroidManifest.xml:45:13
	android:name
		ADDED from AndroidManifest.xml:44:13
intent-filter#android.intent.action.MAIN+android.intent.category.LAUNCHER+android.intent.category.LEANBACK_LAUNCHER
ADDED from AndroidManifest.xml:47:13
action#android.intent.action.MAIN
ADDED from AndroidManifest.xml:48:17
	android:name
		ADDED from AndroidManifest.xml:48:25
category#android.intent.category.LAUNCHER
ADDED from AndroidManifest.xml:50:17
	android:name
		ADDED from AndroidManifest.xml:50:27
category#android.intent.category.LEANBACK_LAUNCHER
ADDED from AndroidManifest.xml:51:17
	android:name
		ADDED from AndroidManifest.xml:51:27
uses-sdk
ADDED from AndroidManifest.xml:55:5
MERGED from com.thalmic:myosdk:0.10.0:7:5
	android:targetSdkVersion
		ADDED from AndroidManifest.xml:57:9
		INJECTED from AndroidManifest.xml:0:0
		INJECTED from AndroidManifest.xml:0:0
	android:minSdkVersion
		ADDED from AndroidManifest.xml:56:9
		INJECTED from AndroidManifest.xml:0:0
		INJECTED from AndroidManifest.xml:0:0
uses-feature#0x00020000
ADDED from AndroidManifest.xml:58:5
	android:glEsVersion
		ADDED from AndroidManifest.xml:58:19
uses-permission#android.permission.INTERNET
ADDED from AndroidManifest.xml:60:5
MERGED from com.thalmic:myosdk:0.10.0:13:5
	android:name
		ADDED from AndroidManifest.xml:60:22
uses-permission#android.permission.WRITE_EXTERNAL_STORAGE
ADDED from AndroidManifest.xml:61:5
	android:name
		ADDED from AndroidManifest.xml:61:22
uses-permission#android.permission.BLUETOOTH
ADDED from AndroidManifest.xml:62:5
MERGED from com.thalmic:myosdk:0.10.0:11:5
	android:name
		ADDED from AndroidManifest.xml:62:22
uses-permission#android.permission.BLUETOOTH_ADMIN
ADDED from AndroidManifest.xml:63:5
MERGED from com.thalmic:myosdk:0.10.0:12:5
	android:name
		ADDED from AndroidManifest.xml:63:22
uses-permission#android.permission.
ADDED from AndroidManifest.xml:65:5
	android:name
		ADDED from AndroidManifest.xml:65:22
uses-feature#android.hardware.touchscreen
ADDED from AndroidManifest.xml:67:5
	android:required
		ADDED from AndroidManifest.xml:69:9
	android:name
		ADDED from AndroidManifest.xml:68:9
uses-feature#android.hardware.touchscreen.multitouch
ADDED from AndroidManifest.xml:70:5
	android:required
		ADDED from AndroidManifest.xml:72:9
	android:name
		ADDED from AndroidManifest.xml:71:9
uses-feature#android.hardware.touchscreen.multitouch.distinct
ADDED from AndroidManifest.xml:73:5
	android:required
		ADDED from AndroidManifest.xml:75:9
	android:name
		ADDED from AndroidManifest.xml:74:9
uses-permission#android.permission.WAKE_LOCK
ADDED from AndroidManifest.xml:77:5
	android:name
		ADDED from AndroidManifest.xml:77:22
activity#com.thalmic.myo.scanner.ScanActivity
ADDED from com.thalmic:myosdk:0.10.0:16:9
	android:label
		ADDED from com.thalmic:myosdk:0.10.0:18:13
	android:theme
		ADDED from com.thalmic:myosdk:0.10.0:19:13
	android:name
		ADDED from com.thalmic:myosdk:0.10.0:17:13